f:\c++\pacman\pacman\debug\pacman.pch
f:\c++\pacman\pacman\debug\vc141.pdb
f:\c++\pacman\pacman\debug\vc141.idb
f:\c++\pacman\pacman\debug\stdafx.obj
f:\c++\pacman\pacman\debug\stage_1.obj
f:\c++\pacman\pacman\debug\stage_2.obj
f:\c++\pacman\pacman\debug\stage_3.obj
f:\c++\pacman\pacman\debug\gmap.obj
f:\c++\pacman\pacman\debug\pacman.obj
f:\c++\pacman\debug\pacman.ilk
f:\c++\pacman\debug\pacman.exe
f:\c++\pacman\debug\pacman.pdb
f:\c++\pacman\pacman\debug\pacman.res
f:\c++\pacman\pacman\debug\pacman.tlog\cl.command.1.tlog
f:\c++\pacman\pacman\debug\pacman.tlog\cl.read.1.tlog
f:\c++\pacman\pacman\debug\pacman.tlog\cl.write.1.tlog
f:\c++\pacman\pacman\debug\pacman.tlog\link.command.1.tlog
f:\c++\pacman\pacman\debug\pacman.tlog\link.read.1.tlog
f:\c++\pacman\pacman\debug\pacman.tlog\link.write.1.tlog
f:\c++\pacman\pacman\debug\pacman.tlog\rc.command.1.tlog
f:\c++\pacman\pacman\debug\pacman.tlog\rc.read.1.tlog
f:\c++\pacman\pacman\debug\pacman.tlog\rc.write.1.tlog
